\BOOKMARK [0][-]{chapter.1}{\376\377\0001\000\040\000R\000e\000g\000i\000s\000t\000e\000r\000\040\000h\000i\000e\000r\000a\000r\000c\000h\000i\000e\000\040\000t\000r\000i\000e\000d}{}% 1
\BOOKMARK [1][-]{section.1.1}{\376\377\0001\000.\0001\000\040\000H\000i\000e\000r\000a\000r\000c\000h\000i\000a\000\040\000t\000r\000i\000e\000d}{chapter.1}% 2
\BOOKMARK [0][-]{chapter.2}{\376\377\0002\000\040\000R\000e\000g\000i\000s\000t\000e\000r\000\040\000t\000r\000i\000e\000d}{}% 3
\BOOKMARK [1][-]{section.2.1}{\376\377\0002\000.\0001\000\040\000Z\000o\000z\000n\000a\000m\000\040\000t\000r\000i\000e\000d}{chapter.2}% 4
\BOOKMARK [0][-]{chapter.3}{\376\377\0003\000\040\000R\000e\000g\000i\000s\000t\000e\000r\000\040\000s\000\372\000b\000o\000r\000o\000v}{}% 5
\BOOKMARK [1][-]{section.3.1}{\376\377\0003\000.\0001\000\040\000Z\000o\000z\000n\000a\000m\000\040\000s\000\372\000b\000o\000r\000o\000v}{chapter.3}% 6
\BOOKMARK [0][-]{chapter.4}{\376\377\0004\000\040\000D\000o\000k\000u\000m\000e\000n\000t\000\341\000c\000i\000a\000\040\000t\000r\000i\000e\000d}{}% 7
\BOOKMARK [1][-]{section.4.1}{\376\377\0004\000.\0001\000\040\000D\000o\000k\000u\000m\000e\000n\000t\000\341\000c\000i\000a\000\040\000t\000r\000i\000e\000d\000y\000\040\000m\000o\000d\000e\000l\000.\000C\000N\000N}{chapter.4}% 8
\BOOKMARK [2][-]{subsection.4.1.1}{\376\377\0004\000.\0001\000.\0001\000\040\000D\000e\000t\000a\000i\000l\000n\000\375\000\040\000p\000o\000p\000i\000s}{section.4.1}% 9
\BOOKMARK [2][-]{subsection.4.1.2}{\376\377\0004\000.\0001\000.\0002\000\040\000D\000o\000k\000u\000m\000e\000n\000t\000\341\000c\000i\000a\000\040\000k\000o\000n\001\141\000t\000r\000u\000k\000t\000o\000r\000u\000\040\000a\000\040\000d\000e\001\141\000t\000r\000u\000k\000t\000o\000r\000u}{section.4.1}% 10
\BOOKMARK [3][-]{subsubsection.4.1.2.1}{\376\377\0004\000.\0001\000.\0002\000.\0001\000\040\000\137\000\137\000i\000n\000i\000t\000\137\000\137\000\050\000\051}{subsection.4.1.2}% 11
\BOOKMARK [2][-]{subsection.4.1.3}{\376\377\0004\000.\0001\000.\0003\000\040\000D\000o\000k\000u\000m\000e\000n\000t\000\341\000c\000i\000a\000\040\000k\000\040\000m\000e\000t\000\363\000d\000a\000m}{section.4.1}% 12
\BOOKMARK [3][-]{subsubsection.4.1.3.1}{\376\377\0004\000.\0001\000.\0003\000.\0001\000\040\000f\000o\000r\000w\000a\000r\000d\000\050\000\051}{subsection.4.1.3}% 13
\BOOKMARK [1][-]{section.4.2}{\376\377\0004\000.\0002\000\040\000D\000o\000k\000u\000m\000e\000n\000t\000\341\000c\000i\000a\000\040\000t\000r\000i\000e\000d\000y\000\040\000d\000a\000t\000a\000m\000o\000d\000u\000l\000e\000.\000D\000a\000t\000a\000M\000o\000d\000u\000l\000e\000B\000i\000t\000b\000o\000a\000r\000d\000s}{chapter.4}% 14
\BOOKMARK [2][-]{subsection.4.2.1}{\376\377\0004\000.\0002\000.\0001\000\040\000D\000e\000t\000a\000i\000l\000n\000\375\000\040\000p\000o\000p\000i\000s}{section.4.2}% 15
\BOOKMARK [2][-]{subsection.4.2.2}{\376\377\0004\000.\0002\000.\0002\000\040\000D\000o\000k\000u\000m\000e\000n\000t\000\341\000c\000i\000a\000\040\000k\000o\000n\001\141\000t\000r\000u\000k\000t\000o\000r\000u\000\040\000a\000\040\000d\000e\001\141\000t\000r\000u\000k\000t\000o\000r\000u}{section.4.2}% 16
\BOOKMARK [3][-]{subsubsection.4.2.2.1}{\376\377\0004\000.\0002\000.\0002\000.\0001\000\040\000\137\000\137\000i\000n\000i\000t\000\137\000\137\000\050\000\051}{subsection.4.2.2}% 17
\BOOKMARK [1][-]{section.4.3}{\376\377\0004\000.\0003\000\040\000D\000o\000k\000u\000m\000e\000n\000t\000\341\000c\000i\000a\000\040\000t\000r\000i\000e\000d\000y\000\040\000d\000a\000t\000a\000m\000o\000d\000u\000l\000e\000.\000D\000a\000t\000a\000M\000o\000d\000u\000l\000e\000I\000m\000a\000g\000e\000s}{chapter.4}% 18
\BOOKMARK [2][-]{subsection.4.3.1}{\376\377\0004\000.\0003\000.\0001\000\040\000D\000e\000t\000a\000i\000l\000n\000\375\000\040\000p\000o\000p\000i\000s}{section.4.3}% 19
\BOOKMARK [2][-]{subsection.4.3.2}{\376\377\0004\000.\0003\000.\0002\000\040\000D\000o\000k\000u\000m\000e\000n\000t\000\341\000c\000i\000a\000\040\000k\000o\000n\001\141\000t\000r\000u\000k\000t\000o\000r\000u\000\040\000a\000\040\000d\000e\001\141\000t\000r\000u\000k\000t\000o\000r\000u}{section.4.3}% 20
\BOOKMARK [3][-]{subsubsection.4.3.2.1}{\376\377\0004\000.\0003\000.\0002\000.\0001\000\040\000\137\000\137\000i\000n\000i\000t\000\137\000\137\000\050\000\051}{subsection.4.3.2}% 21
\BOOKMARK [1][-]{section.4.4}{\376\377\0004\000.\0004\000\040\000D\000o\000k\000u\000m\000e\000n\000t\000\341\000c\000i\000a\000\040\000t\000r\000i\000e\000d\000y\000\040\000t\000r\000a\000i\000n\000e\000r\000.\000E\000a\000r\000l\000y\000S\000t\000o\000p\000p\000e\000r}{chapter.4}% 22
\BOOKMARK [2][-]{subsection.4.4.1}{\376\377\0004\000.\0004\000.\0001\000\040\000D\000e\000t\000a\000i\000l\000n\000\375\000\040\000p\000o\000p\000i\000s}{section.4.4}% 23
\BOOKMARK [2][-]{subsection.4.4.2}{\376\377\0004\000.\0004\000.\0002\000\040\000D\000o\000k\000u\000m\000e\000n\000t\000\341\000c\000i\000a\000\040\000k\000o\000n\001\141\000t\000r\000u\000k\000t\000o\000r\000u\000\040\000a\000\040\000d\000e\001\141\000t\000r\000u\000k\000t\000o\000r\000u}{section.4.4}% 24
\BOOKMARK [3][-]{subsubsection.4.4.2.1}{\376\377\0004\000.\0004\000.\0002\000.\0001\000\040\000\137\000\137\000i\000n\000i\000t\000\137\000\137\000\050\000\051}{subsection.4.4.2}% 25
\BOOKMARK [2][-]{subsection.4.4.3}{\376\377\0004\000.\0004\000.\0003\000\040\000D\000o\000k\000u\000m\000e\000n\000t\000\341\000c\000i\000a\000\040\000k\000\040\000m\000e\000t\000\363\000d\000a\000m}{section.4.4}% 26
\BOOKMARK [3][-]{subsubsection.4.4.3.1}{\376\377\0004\000.\0004\000.\0003\000.\0001\000\040\000e\000a\000r\000l\000y\000\137\000s\000t\000o\000p\000\050\000\051}{subsection.4.4.3}% 27
\BOOKMARK [1][-]{section.4.5}{\376\377\0004\000.\0005\000\040\000D\000o\000k\000u\000m\000e\000n\000t\000\341\000c\000i\000a\000\040\000t\000r\000i\000e\000d\000y\000\040\000m\000o\000d\000e\000l\000.\000M\000L\000P}{chapter.4}% 28
\BOOKMARK [2][-]{subsection.4.5.1}{\376\377\0004\000.\0005\000.\0001\000\040\000D\000e\000t\000a\000i\000l\000n\000\375\000\040\000p\000o\000p\000i\000s}{section.4.5}% 29
\BOOKMARK [2][-]{subsection.4.5.2}{\376\377\0004\000.\0005\000.\0002\000\040\000D\000o\000k\000u\000m\000e\000n\000t\000\341\000c\000i\000a\000\040\000k\000o\000n\001\141\000t\000r\000u\000k\000t\000o\000r\000u\000\040\000a\000\040\000d\000e\001\141\000t\000r\000u\000k\000t\000o\000r\000u}{section.4.5}% 30
\BOOKMARK [3][-]{subsubsection.4.5.2.1}{\376\377\0004\000.\0005\000.\0002\000.\0001\000\040\000\137\000\137\000i\000n\000i\000t\000\137\000\137\000\050\000\051}{subsection.4.5.2}% 31
\BOOKMARK [2][-]{subsection.4.5.3}{\376\377\0004\000.\0005\000.\0003\000\040\000D\000o\000k\000u\000m\000e\000n\000t\000\341\000c\000i\000a\000\040\000k\000\040\000m\000e\000t\000\363\000d\000a\000m}{section.4.5}% 32
\BOOKMARK [3][-]{subsubsection.4.5.3.1}{\376\377\0004\000.\0005\000.\0003\000.\0001\000\040\000f\000o\000r\000w\000a\000r\000d\000\050\000\051}{subsection.4.5.3}% 33
\BOOKMARK [1][-]{section.4.6}{\376\377\0004\000.\0006\000\040\000D\000o\000k\000u\000m\000e\000n\000t\000\341\000c\000i\000a\000\040\000t\000r\000i\000e\000d\000y\000\040\000d\000a\000t\000a\000s\000e\000t\000.\000M\000v\000s\000F\000S\000B\000i\000t\000b\000o\000a\000r\000d\000D\000a\000t\000a\000s\000e\000t}{chapter.4}% 34
\BOOKMARK [2][-]{subsection.4.6.1}{\376\377\0004\000.\0006\000.\0001\000\040\000D\000e\000t\000a\000i\000l\000n\000\375\000\040\000p\000o\000p\000i\000s}{section.4.6}% 35
\BOOKMARK [2][-]{subsection.4.6.2}{\376\377\0004\000.\0006\000.\0002\000\040\000D\000o\000k\000u\000m\000e\000n\000t\000\341\000c\000i\000a\000\040\000k\000o\000n\001\141\000t\000r\000u\000k\000t\000o\000r\000u\000\040\000a\000\040\000d\000e\001\141\000t\000r\000u\000k\000t\000o\000r\000u}{section.4.6}% 36
\BOOKMARK [3][-]{subsubsection.4.6.2.1}{\376\377\0004\000.\0006\000.\0002\000.\0001\000\040\000\137\000\137\000i\000n\000i\000t\000\137\000\137\000\050\000\051}{subsection.4.6.2}% 37
\BOOKMARK [2][-]{subsection.4.6.3}{\376\377\0004\000.\0006\000.\0003\000\040\000D\000o\000k\000u\000m\000e\000n\000t\000\341\000c\000i\000a\000\040\000k\000\040\000m\000e\000t\000\363\000d\000a\000m}{section.4.6}% 38
\BOOKMARK [3][-]{subsubsection.4.6.3.1}{\376\377\0004\000.\0006\000.\0003\000.\0001\000\040\000\137\000\137\000g\000e\000t\000i\000t\000e\000m\000\137\000\137\000\050\000\051}{subsection.4.6.3}% 39
\BOOKMARK [3][-]{subsubsection.4.6.3.2}{\376\377\0004\000.\0006\000.\0003\000.\0002\000\040\000\137\000\137\000l\000e\000n\000\137\000\137\000\050\000\051}{subsection.4.6.3}% 40
\BOOKMARK [1][-]{section.4.7}{\376\377\0004\000.\0007\000\040\000D\000o\000k\000u\000m\000e\000n\000t\000\341\000c\000i\000a\000\040\000t\000r\000i\000e\000d\000y\000\040\000d\000a\000t\000a\000s\000e\000t\000.\000M\000v\000s\000F\000S\000I\000m\000a\000g\000e\000D\000a\000t\000a\000s\000e\000t}{chapter.4}% 41
\BOOKMARK [2][-]{subsection.4.7.1}{\376\377\0004\000.\0007\000.\0001\000\040\000D\000e\000t\000a\000i\000l\000n\000\375\000\040\000p\000o\000p\000i\000s}{section.4.7}% 42
\BOOKMARK [2][-]{subsection.4.7.2}{\376\377\0004\000.\0007\000.\0002\000\040\000D\000o\000k\000u\000m\000e\000n\000t\000\341\000c\000i\000a\000\040\000k\000o\000n\001\141\000t\000r\000u\000k\000t\000o\000r\000u\000\040\000a\000\040\000d\000e\001\141\000t\000r\000u\000k\000t\000o\000r\000u}{section.4.7}% 43
\BOOKMARK [3][-]{subsubsection.4.7.2.1}{\376\377\0004\000.\0007\000.\0002\000.\0001\000\040\000\137\000\137\000i\000n\000i\000t\000\137\000\137\000\050\000\051}{subsection.4.7.2}% 44
\BOOKMARK [2][-]{subsection.4.7.3}{\376\377\0004\000.\0007\000.\0003\000\040\000D\000o\000k\000u\000m\000e\000n\000t\000\341\000c\000i\000a\000\040\000k\000\040\000m\000e\000t\000\363\000d\000a\000m}{section.4.7}% 45
\BOOKMARK [3][-]{subsubsection.4.7.3.1}{\376\377\0004\000.\0007\000.\0003\000.\0001\000\040\000\137\000\137\000g\000e\000t\000i\000t\000e\000m\000\137\000\137\000\050\000\051}{subsection.4.7.3}% 46
\BOOKMARK [3][-]{subsubsection.4.7.3.2}{\376\377\0004\000.\0007\000.\0003\000.\0002\000\040\000\137\000\137\000l\000e\000n\000\137\000\137\000\050\000\051}{subsection.4.7.3}% 47
\BOOKMARK [1][-]{section.4.8}{\376\377\0004\000.\0008\000\040\000D\000o\000k\000u\000m\000e\000n\000t\000\341\000c\000i\000a\000\040\000t\000r\000i\000e\000d\000y\000\040\000t\000r\000a\000i\000n\000e\000r\000.\000T\000r\000a\000i\000n\000e\000r}{chapter.4}% 48
\BOOKMARK [2][-]{subsection.4.8.1}{\376\377\0004\000.\0008\000.\0001\000\040\000D\000e\000t\000a\000i\000l\000n\000\375\000\040\000p\000o\000p\000i\000s}{section.4.8}% 49
\BOOKMARK [2][-]{subsection.4.8.2}{\376\377\0004\000.\0008\000.\0002\000\040\000D\000o\000k\000u\000m\000e\000n\000t\000\341\000c\000i\000a\000\040\000k\000o\000n\001\141\000t\000r\000u\000k\000t\000o\000r\000u\000\040\000a\000\040\000d\000e\001\141\000t\000r\000u\000k\000t\000o\000r\000u}{section.4.8}% 50
\BOOKMARK [3][-]{subsubsection.4.8.2.1}{\376\377\0004\000.\0008\000.\0002\000.\0001\000\040\000\137\000\137\000i\000n\000i\000t\000\137\000\137\000\050\000\051}{subsection.4.8.2}% 51
\BOOKMARK [2][-]{subsection.4.8.3}{\376\377\0004\000.\0008\000.\0003\000\040\000D\000o\000k\000u\000m\000e\000n\000t\000\341\000c\000i\000a\000\040\000k\000\040\000m\000e\000t\000\363\000d\000a\000m}{section.4.8}% 52
\BOOKMARK [3][-]{subsubsection.4.8.3.1}{\376\377\0004\000.\0008\000.\0003\000.\0001\000\040\000e\000p\000o\000c\000h\000\050\000\051}{subsection.4.8.3}% 53
\BOOKMARK [3][-]{subsubsection.4.8.3.2}{\376\377\0004\000.\0008\000.\0003\000.\0002\000\040\000f\000i\000t\000\050\000\051}{subsection.4.8.3}% 54
\BOOKMARK [3][-]{subsubsection.4.8.3.3}{\376\377\0004\000.\0008\000.\0003\000.\0003\000\040\000l\000o\000a\000d\000\137\000c\000h\000e\000c\000k\000p\000o\000i\000n\000t\000\050\000\051}{subsection.4.8.3}% 55
\BOOKMARK [3][-]{subsubsection.4.8.3.4}{\376\377\0004\000.\0008\000.\0003\000.\0004\000\040\000s\000a\000v\000e\000\137\000c\000h\000e\000c\000k\000p\000o\000i\000n\000t\000\050\000\051}{subsection.4.8.3}% 56
\BOOKMARK [3][-]{subsubsection.4.8.3.5}{\376\377\0004\000.\0008\000.\0003\000.\0005\000\040\000s\000a\000v\000e\000\137\000m\000o\000d\000e\000l\000\050\000\051}{subsection.4.8.3}% 57
\BOOKMARK [3][-]{subsubsection.4.8.3.6}{\376\377\0004\000.\0008\000.\0003\000.\0006\000\040\000s\000a\000v\000e\000\137\000p\000l\000o\000t\000\050\000\051}{subsection.4.8.3}% 58
\BOOKMARK [3][-]{subsubsection.4.8.3.7}{\376\377\0004\000.\0008\000.\0003\000.\0007\000\040\000t\000e\000s\000t\000\137\000e\000p\000o\000c\000h\000\050\000\051}{subsection.4.8.3}% 59
\BOOKMARK [3][-]{subsubsection.4.8.3.8}{\376\377\0004\000.\0008\000.\0003\000.\0008\000\040\000t\000r\000a\000i\000n\000\137\000e\000p\000o\000c\000h\000\050\000\051}{subsection.4.8.3}% 60
\BOOKMARK [3][-]{subsubsection.4.8.3.9}{\376\377\0004\000.\0008\000.\0003\000.\0009\000\040\000v\000a\000l\000\137\000e\000p\000o\000c\000h\000\050\000\051}{subsection.4.8.3}% 61
\BOOKMARK [0][-]{chapter.5}{\376\377\0005\000\040\000D\000o\000k\000u\000m\000e\000n\000t\000\341\000c\000i\000a\000\040\000s\000\372\000b\000o\000r\000o\000v}{}% 62
\BOOKMARK [1][-]{section.5.1}{\376\377\0005\000.\0001\000\040\000D\000o\000k\000u\000m\000e\000n\000t\000\341\000c\000i\000a\000\040\000s\000\372\000b\000o\000r\000u\000\040\000d\000a\000t\000a\000m\000o\000d\000u\000l\000e\000.\000p\000y}{chapter.5}% 63
\BOOKMARK [2][-]{subsection.5.1.1}{\376\377\0005\000.\0001\000.\0001\000\040\000D\000e\000t\000a\000i\000l\000n\000\375\000\040\000p\000o\000p\000i\000s}{section.5.1}% 64
\BOOKMARK [1][-]{section.5.2}{\376\377\0005\000.\0002\000\040\000D\000o\000k\000u\000m\000e\000n\000t\000\341\000c\000i\000a\000\040\000s\000\372\000b\000o\000r\000u\000\040\000d\000a\000t\000a\000s\000e\000t\000.\000p\000y}{chapter.5}% 65
\BOOKMARK [2][-]{subsection.5.2.1}{\376\377\0005\000.\0002\000.\0001\000\040\000D\000e\000t\000a\000i\000l\000n\000\375\000\040\000p\000o\000p\000i\000s}{section.5.2}% 66
\BOOKMARK [1][-]{section.5.3}{\376\377\0005\000.\0003\000\040\000D\000o\000k\000u\000m\000e\000n\000t\000\341\000c\000i\000a\000\040\000s\000\372\000b\000o\000r\000u\000\040\000e\000x\000p\000e\000r\000i\000m\000e\000n\000t\000.\000p\000y}{chapter.5}% 67
\BOOKMARK [2][-]{subsection.5.3.1}{\376\377\0005\000.\0003\000.\0001\000\040\000D\000e\000t\000a\000i\000l\000n\000\375\000\040\000p\000o\000p\000i\000s}{section.5.3}% 68
\BOOKMARK [2][-]{subsection.5.3.2}{\376\377\0005\000.\0003\000.\0002\000\040\000D\000o\000k\000u\000m\000e\000n\000t\000\341\000c\000i\000a\000\040\000f\000u\000n\000k\000c\000i\000\355}{section.5.3}% 69
\BOOKMARK [3][-]{subsubsection.5.3.2.1}{\376\377\0005\000.\0003\000.\0002\000.\0001\000\040\000c\000n\000n\000\137\000e\000x\000p\000e\000r\000i\000m\000e\000n\000t\000\050\000\051}{subsection.5.3.2}% 70
\BOOKMARK [3][-]{subsubsection.5.3.2.2}{\376\377\0005\000.\0003\000.\0002\000.\0002\000\040\000m\000l\000p\000\137\000e\000x\000p\000e\000r\000i\000m\000e\000n\000t\000\050\000\051}{subsection.5.3.2}% 71
\BOOKMARK [1][-]{section.5.4}{\376\377\0005\000.\0004\000\040\000D\000o\000k\000u\000m\000e\000n\000t\000\341\000c\000i\000a\000\040\000s\000\372\000b\000o\000r\000u\000\040\000m\000o\000d\000e\000l\000.\000p\000y}{chapter.5}% 72
\BOOKMARK [2][-]{subsection.5.4.1}{\376\377\0005\000.\0004\000.\0001\000\040\000D\000e\000t\000a\000i\000l\000n\000\375\000\040\000p\000o\000p\000i\000s}{section.5.4}% 73
\BOOKMARK [1][-]{section.5.5}{\376\377\0005\000.\0005\000\040\000D\000o\000k\000u\000m\000e\000n\000t\000\341\000c\000i\000a\000\040\000s\000\372\000b\000o\000r\000u\000\040\000t\000r\000a\000i\000n\000e\000r\000.\000p\000y}{chapter.5}% 74
\BOOKMARK [2][-]{subsection.5.5.1}{\376\377\0005\000.\0005\000.\0001\000\040\000D\000e\000t\000a\000i\000l\000n\000\375\000\040\000p\000o\000p\000i\000s}{section.5.5}% 75
\BOOKMARK [2][-]{subsection.5.5.2}{\376\377\0005\000.\0005\000.\0002\000\040\000D\000o\000k\000u\000m\000e\000n\000t\000\341\000c\000i\000a\000\040\000f\000u\000n\000k\000c\000i\000\355}{section.5.5}% 76
\BOOKMARK [3][-]{subsubsection.5.5.2.1}{\376\377\0005\000.\0005\000.\0002\000.\0001\000\040\000d\000e\000c\000i\000d\000e\000\137\000d\000e\000v\000i\000c\000e\000\050\000\051}{subsection.5.5.2}% 77
\BOOKMARK [0][-]{section*.27}{\376\377\000R\000e\000g\000i\000s\000t\000e\000r}{}% 78
